Arguments: 
  D:\AAA\NVM\nodejs\node.exe D:\AAA\NVM\nodejs\node_modules\yarn\bin\yarn.js install

PATH: 
  C:\Windows\system32;C:\Windows;C:\Windows\System32\Wbem;C:\Windows\System32\WindowsPowerShell\v1.0\;C:\Windows\System32\OpenSSH\;D:\AAA\VSCODE\Microsoft VS Code\bin;D:\AAA\NVM\nvm;D:\AAA\NVM\nodejs;D:\AAA\TortoiseSVN\bin;D:\AAA\software\Git\cmd;D:\AAA\software\Git\bin;C:\Program Files\TortoiseGit\bin;D:\AAA\NVM\nodejs\npm;

Yarn version: 
  1.22.19

Node version: 
  14.17.6

Platform: 
  win32 x64

Trace: 
  SyntaxError: D:\AAA\Project\DEMO\monorepo\package.json: Unexpected token / in JSON at position 75
      at JSON.parse (<anonymous>)
      at D:\AAA\NVM\nvm\v14.17.6\node_modules\yarn\lib\cli.js:1629:59
      at Generator.next (<anonymous>)
      at step (D:\AAA\NVM\nvm\v14.17.6\node_modules\yarn\lib\cli.js:310:30)
      at D:\AAA\NVM\nvm\v14.17.6\node_modules\yarn\lib\cli.js:321:13

npm manifest: 
  {
    "name": "pkg1",
    "version": "1.0.0",
    "description": "",
    "main": "index.js",
    "scripts": {
      "test": "echo \"Error: no test specified\" && exit 1"
    },
    "author": "",
    "license": "ISC"
  }

yarn manifest: 
  No manifest

Lockfile: 
  No lockfile
